<?xml version="1.0" encoding="UTF-8"?>
<testng-results skipped="0" failed="0" ignored="0" total="1" passed="1">
  <reporter-output>
  </reporter-output>
  <suite name="Default suite" duration-ms="4681" started-at="2021-10-13T20:59:50 IST" finished-at="2021-10-13T20:59:55 IST">
    <groups>
    </groups>
    <test name="Default test" duration-ms="4681" started-at="2021-10-13T20:59:50 IST" finished-at="2021-10-13T20:59:55 IST">
      <class name="test.ReadFromFile">
        <test-method status="PASS" signature="addBook()[pri:0, instance:test.ReadFromFile@74650e52]" name="addBook" duration-ms="4620" started-at="2021-10-13T20:59:50 IST" finished-at="2021-10-13T20:59:55 IST">
          <reporter-output>
          </reporter-output>
        </test-method> <!-- addBook -->
      </class> <!-- test.ReadFromFile -->
    </test> <!-- Default test -->
  </suite> <!-- Default suite -->
</testng-results>
